<?xml version="1.0" encoding="UTF-8"?>
<!-- Generated by org.testng.reporters.JUnitReportReporter -->
<testsuite hostname="OSIT-L-0133" name="Sample.SampleSeleniumProjectTest" tests="1" failures="0" timestamp="18 Apr 2018 08:46:13 GMT" time="15.000" errors="0">
  <testcase name="test1" time="15.000" classname="Sample.SampleSeleniumProjectTest"/>
</testsuite> <!-- Sample.SampleSeleniumProjectTest -->
