<?xml version="1.0" encoding="UTF-8"?>
<!-- Generated by org.testng.reporters.JUnitReportReporter -->
<testsuite hostname="OSIT-L-0133" name="Sample.SampleSeleniumProjectTest" tests="1" failures="0" timestamp="17 Apr 2018 05:24:48 GMT" time="14.588" errors="0">
  <testcase name="test1" time="14.588" classname="Sample.SampleSeleniumProjectTest"/>
</testsuite> <!-- Sample.SampleSeleniumProjectTest -->
